0 info it worked if it ends with ok
1 verbose cli [ '/usr/bin/node', '/usr/bin/npm', 'i', 'nconf', '--save' ]
2 info using npm@1.4.28
3 info using node@v0.10.35
4 verbose node symlink /usr/bin/node
5 verbose readDependencies using package.json deps
6 verbose cache add [ 'nconf', null ]
7 verbose cache add name=undefined spec="nconf" args=["nconf",null]
8 verbose parsed url { protocol: null,
8 verbose parsed url   slashes: null,
8 verbose parsed url   auth: null,
8 verbose parsed url   host: null,
8 verbose parsed url   port: null,
8 verbose parsed url   hostname: null,
8 verbose parsed url   hash: null,
8 verbose parsed url   search: null,
8 verbose parsed url   query: null,
8 verbose parsed url   pathname: 'nconf',
8 verbose parsed url   path: 'nconf',
8 verbose parsed url   href: 'nconf' }
9 silly lockFile 3386fd95-nconf nconf
10 verbose lock nconf /home/seaman/.npm/3386fd95-nconf.lock
11 silly lockFile 3386fd95-nconf nconf
12 silly lockFile 3386fd95-nconf nconf
13 verbose addNamed [ 'nconf', '' ]
14 verbose addNamed [ null, '*' ]
15 silly lockFile 4c0c3b25-nconf nconf@
16 verbose lock nconf@ /home/seaman/.npm/4c0c3b25-nconf.lock
17 silly addNameRange { name: 'nconf', range: '*', hasData: false }
18 verbose request where is /nconf
19 verbose request registry https://registry.npmjs.org/
20 verbose request id 986494e494fe4912
21 verbose url raw /nconf
22 verbose url resolving [ 'https://registry.npmjs.org/', './nconf' ]
23 verbose url resolved https://registry.npmjs.org/nconf
24 verbose request where is https://registry.npmjs.org/nconf
25 info trying registry request attempt 1 at 15:05:41
26 verbose etag "CHANSY5NTSONWLWTNKI0S7IZV"
27 http GET https://registry.npmjs.org/nconf
28 http 304 https://registry.npmjs.org/nconf
29 silly registry.get cb [ 304,
29 silly registry.get   { date: 'Fri, 09 Jan 2015 12:05:43 GMT',
29 silly registry.get     server: 'Apache',
29 silly registry.get     via: '1.1 varnish',
29 silly registry.get     'last-modified': 'Fri, 09 Jan 2015 12:05:43 GMT',
29 silly registry.get     'cache-control': 'max-age=60',
29 silly registry.get     etag: '"CHANSY5NTSONWLWTNKI0S7IZV"',
29 silly registry.get     age: '26',
29 silly registry.get     'x-served-by': 'cache-fra1231-FRA',
29 silly registry.get     'x-cache': 'HIT',
29 silly registry.get     'x-cache-hits': '1',
29 silly registry.get     'x-timer': 'S1420805143.829181,VS0,VE0',
29 silly registry.get     vary: 'Accept',
29 silly registry.get     'content-length': '0',
29 silly registry.get     'keep-alive': 'timeout=10, max=50',
29 silly registry.get     connection: 'Keep-Alive' } ]
30 verbose etag https://registry.npmjs.org/nconf from cache
31 silly addNameRange number 2 { name: 'nconf', range: '*', hasData: true }
32 silly addNameRange versions [ 'nconf',
32 silly addNameRange   [ '0.1.14',
32 silly addNameRange     '0.2.0',
32 silly addNameRange     '0.3.1',
32 silly addNameRange     '0.4.3',
32 silly addNameRange     '0.4.4',
32 silly addNameRange     '0.4.5',
32 silly addNameRange     '0.4.6',
32 silly addNameRange     '0.5.0',
32 silly addNameRange     '0.5.1',
32 silly addNameRange     '0.6.0',
32 silly addNameRange     '0.6.1',
32 silly addNameRange     '0.6.3',
32 silly addNameRange     '0.6.4',
32 silly addNameRange     '0.6.5',
32 silly addNameRange     '0.6.6',
32 silly addNameRange     '0.6.7',
32 silly addNameRange     '0.6.8',
32 silly addNameRange     '0.6.9',
32 silly addNameRange     '0.7.0',
32 silly addNameRange     '0.7.1' ] ]
33 verbose addNamed [ 'nconf', '0.7.1' ]
34 verbose addNamed [ '0.7.1', '0.7.1' ]
35 silly lockFile 69c8f177-nconf-0-7-1 nconf@0.7.1
36 verbose lock nconf@0.7.1 /home/seaman/.npm/69c8f177-nconf-0-7-1.lock
37 silly lockFile f4601349--npmjs-org-nconf-nconf-0-7-1-tgz https://registry.npmjs.org/nconf/-/nconf-0.7.1.tgz
38 verbose lock https://registry.npmjs.org/nconf/-/nconf-0.7.1.tgz /home/seaman/.npm/f4601349--npmjs-org-nconf-nconf-0-7-1-tgz.lock
39 verbose addRemoteTarball [ 'https://registry.npmjs.org/nconf/-/nconf-0.7.1.tgz',
39 verbose addRemoteTarball   'ee4b561dd979a3c58db122e38f196d49d61aeb5b' ]
40 info retry fetch attempt 1 at 15:05:41
41 verbose fetch to= /tmp/npm-7694-xG_GccZV/registry.npmjs.org/nconf/-/nconf-0.7.1.tgz
42 http GET https://registry.npmjs.org/nconf/-/nconf-0.7.1.tgz
43 http 200 https://registry.npmjs.org/nconf/-/nconf-0.7.1.tgz
44 silly lockFile f4601349--npmjs-org-nconf-nconf-0-7-1-tgz https://registry.npmjs.org/nconf/-/nconf-0.7.1.tgz
45 silly lockFile f4601349--npmjs-org-nconf-nconf-0-7-1-tgz https://registry.npmjs.org/nconf/-/nconf-0.7.1.tgz
46 silly lockFile 69c8f177-nconf-0-7-1 nconf@0.7.1
47 silly lockFile 69c8f177-nconf-0-7-1 nconf@0.7.1
48 silly lockFile 4c0c3b25-nconf nconf@
49 silly lockFile 4c0c3b25-nconf nconf@
50 error Error: EACCES, mkdir '/home/seaman/.npm/nconf/0.7.1'
50 error  { [Error: EACCES, mkdir '/home/seaman/.npm/nconf/0.7.1']
50 error   errno: 3,
50 error   code: 'EACCES',
50 error   path: '/home/seaman/.npm/nconf/0.7.1',
50 error   parent: 'myBlog' }
51 error Please try running this command again as root/Administrator.
52 error System Linux 3.13.0-43-generic
53 error command "/usr/bin/node" "/usr/bin/npm" "i" "nconf" "--save"
54 error cwd /home/seaman/prog/myBlog
55 error node -v v0.10.35
56 error npm -v 1.4.28
57 error path /home/seaman/.npm/nconf/0.7.1
58 error code EACCES
59 error errno 3
60 error stack Error: EACCES, mkdir '/home/seaman/.npm/nconf/0.7.1'
61 verbose exit [ 3, true ]
